  window.c
  vq.c
  vbr.c
c:\users\abelk\documents\workspace\vocal\thridparty\speex\libspeex\vbr.c(87): warning C4244: “=”: 从“double”转换到“float”，可能丢失数据
c:\users\abelk\documents\workspace\vocal\thridparty\speex\libspeex\vbr.c(88): warning C4305: “=”: 从“double”到“float”截断
c:\users\abelk\documents\workspace\vocal\thridparty\speex\libspeex\vbr.c(94): warning C4244: “=”: 从“double”转换到“float”，可能丢失数据
c:\users\abelk\documents\workspace\vocal\thridparty\speex\libspeex\vbr.c(140): warning C4244: “=”: 从“double”转换到“float”，可能丢失数据
c:\users\abelk\documents\workspace\vocal\thridparty\speex\libspeex\vbr.c(147): warning C4244: “=”: 从“double”转换到“float”，可能丢失数据
c:\users\abelk\documents\workspace\vocal\thridparty\speex\libspeex\vbr.c(148): warning C4244: “=”: 从“double”转换到“float”，可能丢失数据
c:\users\abelk\documents\workspace\vocal\thridparty\speex\libspeex\vbr.c(150): warning C4244: “=”: 从“double”转换到“float”，可能丢失数据
c:\users\abelk\documents\workspace\vocal\thridparty\speex\libspeex\vbr.c(152): warning C4244: “=”: 从“double”转换到“float”，可能丢失数据
c:\users\abelk\documents\workspace\vocal\thridparty\speex\libspeex\vbr.c(168): warning C4244: “=”: 从“double”转换到“float”，可能丢失数据
c:\users\abelk\documents\workspace\vocal\thridparty\speex\libspeex\vbr.c(169): warning C4244: “=”: 从“double”转换到“float”，可能丢失数据
c:\users\abelk\documents\workspace\vocal\thridparty\speex\libspeex\vbr.c(177): warning C4244: “=”: 从“double”转换到“float”，可能丢失数据
c:\users\abelk\documents\workspace\vocal\thridparty\speex\libspeex\vbr.c(178): warning C4244: “=”: 从“double”转换到“float”，可能丢失数据
c:\users\abelk\documents\workspace\vocal\thridparty\speex\libspeex\vbr.c(184): warning C4305: “-=”: 从“double”到“float”截断
c:\users\abelk\documents\workspace\vocal\thridparty\speex\libspeex\vbr.c(186): warning C4305: “-=”: 从“double”到“float”截断
c:\users\abelk\documents\workspace\vocal\thridparty\speex\libspeex\vbr.c(188): warning C4305: “-=”: 从“double”到“float”截断
c:\users\abelk\documents\workspace\vocal\thridparty\speex\libspeex\vbr.c(191): warning C4244: “=”: 从“double”转换到“float”，可能丢失数据
c:\users\abelk\documents\workspace\vocal\thridparty\speex\libspeex\vbr.c(192): warning C4244: “=”: 从“double”转换到“float”，可能丢失数据
c:\users\abelk\documents\workspace\vocal\thridparty\speex\libspeex\vbr.c(201): warning C4244: “+=”: 从“double”转换到“float”，可能丢失数据
c:\users\abelk\documents\workspace\vocal\thridparty\speex\libspeex\vbr.c(203): warning C4244: “+=”: 从“double”转换到“float”，可能丢失数据
c:\users\abelk\documents\workspace\vocal\thridparty\speex\libspeex\vbr.c(215): warning C4244: “=”: 从“double”转换到“float”，可能丢失数据
c:\users\abelk\documents\workspace\vocal\thridparty\speex\libspeex\vbr.c(216): warning C4244: “+=”: 从“double”转换到“float”，可能丢失数据
c:\users\abelk\documents\workspace\vocal\thridparty\speex\libspeex\vbr.c(219): warning C4244: “=”: 从“double”转换到“float”，可能丢失数据
c:\users\abelk\documents\workspace\vocal\thridparty\speex\libspeex\vbr.c(237): warning C4244: “-=”: 从“double”转换到“float”，可能丢失数据
c:\users\abelk\documents\workspace\vocal\thridparty\speex\libspeex\vbr.c(244): warning C4244: “-=”: 从“double”转换到“float”，可能丢失数据
c:\users\abelk\documents\workspace\vocal\thridparty\speex\libspeex\vbr.c(246): warning C4244: “-=”: 从“double”转换到“float”，可能丢失数据
c:\users\abelk\documents\workspace\vocal\thridparty\speex\libspeex\vbr.c(249): warning C4244: “+=”: 从“double”转换到“float”，可能丢失数据
c:\users\abelk\documents\workspace\vocal\thridparty\speex\libspeex\vbr.c(123): warning C4100: “pitch”: 未引用的形参
c:\users\abelk\documents\workspace\vocal\thridparty\speex\libspeex\vbr.c(268): warning C4100: “vbr”: 未引用的形参
  stereo.c
c:\users\abelk\documents\workspace\vocal\thridparty\speex\libspeex\math_approx.h(57): warning C4244: “return”: 从“double”转换到“spx_word16_t”，可能丢失数据
c:\users\abelk\documents\workspace\vocal\thridparty\speex\libspeex\math_approx.h(91): warning C4244: “return”: 从“int”转换到“spx_int16_t”，可能丢失数据
c:\users\abelk\documents\workspace\vocal\thridparty\speex\libspeex\math_approx.h(116): warning C4244: “return”: 从“int”转换到“spx_int16_t”，可能丢失数据
c:\users\abelk\documents\workspace\vocal\thridparty\speex\libspeex\math_approx.h(323): warning C4244: “=”: 从“double”转换到“spx_word16_t”，可能丢失数据
c:\users\abelk\documents\workspace\vocal\thridparty\speex\libspeex\stereo.c(118): warning C4244: “=”: 从“double”转换到“float”，可能丢失数据
c:\users\abelk\documents\workspace\vocal\thridparty\speex\libspeex\stereo.c(128): warning C4244: “=”: 从“double”转换到“float”，可能丢失数据
c:\users\abelk\documents\workspace\vocal\thridparty\speex\libspeex\stereo.c(135): warning C4244: “=”: 从“double”转换到“float”，可能丢失数据
c:\users\abelk\documents\workspace\vocal\thridparty\speex\libspeex\stereo.c(171): warning C4244: “=”: 从“double”转换到“spx_int16_t”，可能丢失数据
c:\users\abelk\documents\workspace\vocal\thridparty\speex\libspeex\stereo.c(196): warning C4244: “=”: 从“double”转换到“spx_word32_t”，可能丢失数据
c:\users\abelk\documents\workspace\vocal\thridparty\speex\libspeex\stereo.c(197): warning C4244: “=”: 从“double”转换到“spx_word32_t”，可能丢失数据
c:\users\abelk\documents\workspace\vocal\thridparty\speex\libspeex\stereo.c(198): warning C4244: “=”: 从“double”转换到“int”，可能丢失数据
c:\users\abelk\documents\workspace\vocal\thridparty\speex\libspeex\stereo.c(213): warning C4244: “=”: 从“double”转换到“spx_word32_t”，可能丢失数据
c:\users\abelk\documents\workspace\vocal\thridparty\speex\libspeex\stereo.c(293): warning C4244: “=”: 从“unsigned int”转换到“spx_word16_t”，可能丢失数据
c:\users\abelk\documents\workspace\vocal\thridparty\speex\libspeex\stereo.c(295): warning C4244: “=”: 从“double”转换到“spx_word32_t”，可能丢失数据
c:\users\abelk\documents\workspace\vocal\thridparty\speex\libspeex\stereo.c(281): warning C4100: “state”: 未引用的形参
  speex_header.c
  speex_callbacks.c
c:\users\abelk\documents\workspace\vocal\thridparty\speex\libspeex\speex_callbacks.c(75): warning C4100: “state”: 未引用的形参
c:\users\abelk\documents\workspace\vocal\thridparty\speex\libspeex\speex_callbacks.c(83): warning C4100: “state”: 未引用的形参
c:\users\abelk\documents\workspace\vocal\thridparty\speex\libspeex\speex_callbacks.c(91): warning C4100: “state”: 未引用的形参
c:\users\abelk\documents\workspace\vocal\thridparty\speex\libspeex\speex_callbacks.c(100): warning C4100: “state”: 未引用的形参
c:\users\abelk\documents\workspace\vocal\thridparty\speex\libspeex\speex_callbacks.c(109): warning C4100: “state”: 未引用的形参
c:\users\abelk\documents\workspace\vocal\thridparty\speex\libspeex\speex_callbacks.c(121): warning C4244: “=”: 从“unsigned int”转换到“float”，可能丢失数据
c:\users\abelk\documents\workspace\vocal\thridparty\speex\libspeex\speex_callbacks.c(118): warning C4100: “state”: 未引用的形参
c:\users\abelk\documents\workspace\vocal\thridparty\speex\libspeex\speex_callbacks.c(130): warning C4244: “=”: 从“unsigned int”转换到“unsigned char”，可能丢失数据
c:\users\abelk\documents\workspace\vocal\thridparty\speex\libspeex\speex_callbacks.c(127): warning C4100: “state”: 未引用的形参
c:\users\abelk\documents\workspace\vocal\thridparty\speex\libspeex\speex_callbacks.c(139): warning C4100: “data”: 未引用的形参
c:\users\abelk\documents\workspace\vocal\thridparty\speex\libspeex\speex_callbacks.c(139): warning C4100: “state”: 未引用的形参
  speex.c
  smallft.c
c:\users\abelk\documents\workspace\vocal\thridparty\speex\libspeex\smallft.c(101): warning C4244: “=”: 从“double”转换到“float”，可能丢失数据
c:\users\abelk\documents\workspace\vocal\thridparty\speex\libspeex\smallft.c(102): warning C4244: “=”: 从“double”转换到“float”，可能丢失数据
c:\users\abelk\documents\workspace\vocal\thridparty\speex\libspeex\smallft.c(285): warning C4244: “=”: 从“double”转换到“float”，可能丢失数据
c:\users\abelk\documents\workspace\vocal\thridparty\speex\libspeex\smallft.c(286): warning C4244: “=”: 从“double”转换到“float”，可能丢失数据
c:\users\abelk\documents\workspace\vocal\thridparty\speex\libspeex\smallft.c(855): warning C4244: “=”: 从“double”转换到“float”，可能丢失数据
c:\users\abelk\documents\workspace\vocal\thridparty\speex\libspeex\smallft.c(856): warning C4244: “=”: 从“double”转换到“float”，可能丢失数据
  sb_celp.c
c:\users\abelk\documents\workspace\vocal\thridparty\speex\libspeex\math_approx.h(57): warning C4244: “return”: 从“double”转换到“spx_word16_t”，可能丢失数据
c:\users\abelk\documents\workspace\vocal\thridparty\speex\libspeex\math_approx.h(91): warning C4244: “return”: 从“int”转换到“spx_int16_t”，可能丢失数据
c:\users\abelk\documents\workspace\vocal\thridparty\speex\libspeex\math_approx.h(116): warning C4244: “return”: 从“int”转换到“spx_int16_t”，可能丢失数据
c:\users\abelk\documents\workspace\vocal\thridparty\speex\libspeex\math_approx.h(323): warning C4244: “=”: 从“double”转换到“spx_word16_t”，可能丢失数据
c:\users\abelk\documents\workspace\vocal\thridparty\speex\libspeex\sb_celp.c(85): warning C4305: “初始化”: 从“double”到“const spx_word16_t”截断
c:\users\abelk\documents\workspace\vocal\thridparty\speex\libspeex\sb_celp.c(88): warning C4305: “初始化”: 从“double”到“const spx_word16_t”截断
c:\users\abelk\documents\workspace\vocal\thridparty\speex\libspeex\sb_celp.c(338): warning C4244: “=”: 从“spx_int32_t”转换到“float”，可能丢失数据
c:\users\abelk\documents\workspace\vocal\thridparty\speex\libspeex\sb_celp.c(443): warning C4127: 条件表达式是常量
c:\users\abelk\documents\workspace\vocal\thridparty\speex\libspeex\sb_celp.c(305): warning C4244: “初始化”: 从“double”转换到“float”，可能丢失数据
c:\users\abelk\documents\workspace\vocal\thridparty\speex\libspeex\sb_celp.c(625): warning C4305: “函数”: 从“double”到“spx_word16_t”截断
c:\users\abelk\documents\workspace\vocal\thridparty\speex\libspeex\sb_celp.c(628): warning C4305: “函数”: 从“double”到“spx_word16_t”截断
c:\users\abelk\documents\workspace\vocal\thridparty\speex\libspeex\sb_celp.c(649): warning C4244: “=”: 从“double”转换到“float”，可能丢失数据
c:\users\abelk\documents\workspace\vocal\thridparty\speex\libspeex\sb_celp.c(651): warning C4305: “=”: 从“double”到“float”截断
c:\users\abelk\documents\workspace\vocal\thridparty\speex\libspeex\sb_celp.c(653): warning C4305: “=”: 从“double”到“float”截断
c:\users\abelk\documents\workspace\vocal\thridparty\speex\libspeex\sb_celp.c(663): warning C4244: “=”: 从“double”转换到“float”，可能丢失数据
c:\users\abelk\documents\workspace\vocal\thridparty\speex\libspeex\sb_celp.c(675): warning C4244: “+=”: 从“double”转换到“float”，可能丢失数据
c:\users\abelk\documents\workspace\vocal\thridparty\speex\libspeex\sb_celp.c(698): warning C4244: “=”: 从“double”转换到“float”，可能丢失数据
c:\users\abelk\documents\workspace\vocal\thridparty\speex\libspeex\sb_celp.c(780): warning C4305: “函数”: 从“double”到“spx_word16_t”截断
c:\users\abelk\documents\workspace\vocal\thridparty\speex\libspeex\sb_celp.c(781): warning C4305: “函数”: 从“double”到“spx_word16_t”截断
c:\users\abelk\documents\workspace\vocal\thridparty\speex\libspeex\sb_celp.c(803): warning C4244: “=”: 从“double”转换到“spx_word16_t”，可能丢失数据
c:\users\abelk\documents\workspace\vocal\thridparty\speex\libspeex\sb_celp.c(867): warning C4244: “=”: 从“double”转换到“spx_word16_t”，可能丢失数据
c:\users\abelk\documents\workspace\vocal\thridparty\speex\libspeex\sb_celp.c(1341): warning C4305: “函数”: 从“double”到“spx_word16_t”截断
c:\users\abelk\documents\workspace\vocal\thridparty\speex\libspeex\sb_celp.c(1361): warning C4244: “=”: 从“double”转换到“spx_word16_t”，可能丢失数据
c:\users\abelk\documents\workspace\vocal\thridparty\speex\libspeex\sb_celp.c(1371): warning C4244: “=”: 从“double”转换到“spx_word32_t”，可能丢失数据
c:\users\abelk\documents\workspace\vocal\thridparty\speex\libspeex\sb_celp.c(1387): warning C4244: “=”: 从“double”转换到“spx_word16_t”，可能丢失数据
c:\users\abelk\documents\workspace\vocal\thridparty\speex\libspeex\sb_celp.c(1428): warning C4244: “=”: 从“double”转换到“spx_word16_t”，可能丢失数据
  quant_lsp.c
c:\users\abelk\documents\workspace\vocal\thridparty\speex\libspeex\quant_lsp.c(83): warning C4244: “=”: 从“double”转换到“spx_word16_t”，可能丢失数据
c:\users\abelk\documents\workspace\vocal\thridparty\speex\libspeex\quant_lsp.c(91): warning C4244: “=”: 从“double”转换到“spx_word16_t”，可能丢失数据
c:\users\abelk\documents\workspace\vocal\thridparty\speex\libspeex\quant_lsp.c(172): warning C4244: “=”: 从“double”转换到“spx_lsp_t”，可能丢失数据
c:\users\abelk\documents\workspace\vocal\thridparty\speex\libspeex\quant_lsp.c(176): warning C4244: “=”: 从“double”转换到“spx_lsp_t”，可能丢失数据
c:\users\abelk\documents\workspace\vocal\thridparty\speex\libspeex\quant_lsp.c(207): warning C4244: “=”: 从“double”转换到“spx_lsp_t”，可能丢失数据
c:\users\abelk\documents\workspace\vocal\thridparty\speex\libspeex\quant_lsp.c(220): warning C4244: “=”: 从“double”转换到“spx_lsp_t”，可能丢失数据
c:\users\abelk\documents\workspace\vocal\thridparty\speex\libspeex\quant_lsp.c(225): warning C4244: “=”: 从“double”转换到“spx_lsp_t”，可能丢失数据
c:\users\abelk\documents\workspace\vocal\thridparty\speex\libspeex\quant_lsp.c(229): warning C4244: “=”: 从“double”转换到“spx_lsp_t”，可能丢失数据
c:\users\abelk\documents\workspace\vocal\thridparty\speex\libspeex\quant_lsp.c(233): warning C4244: “=”: 从“double”转换到“spx_lsp_t”，可能丢失数据
c:\users\abelk\documents\workspace\vocal\thridparty\speex\libspeex\quant_lsp.c(237): warning C4244: “=”: 从“double”转换到“spx_lsp_t”，可能丢失数据
c:\users\abelk\documents\workspace\vocal\thridparty\speex\libspeex\quant_lsp.c(241): warning C4244: “=”: 从“double”转换到“spx_lsp_t”，可能丢失数据
c:\users\abelk\documents\workspace\vocal\thridparty\speex\libspeex\quant_lsp.c(258): warning C4244: “=”: 从“double”转换到“spx_lsp_t”，可能丢失数据
c:\users\abelk\documents\workspace\vocal\thridparty\speex\libspeex\quant_lsp.c(261): warning C4244: “=”: 从“double”转换到“spx_lsp_t”，可能丢失数据
c:\users\abelk\documents\workspace\vocal\thridparty\speex\libspeex\quant_lsp.c(280): warning C4244: “=”: 从“double”转换到“spx_lsp_t”，可能丢失数据
c:\users\abelk\documents\workspace\vocal\thridparty\speex\libspeex\quant_lsp.c(293): warning C4244: “=”: 从“double”转换到“spx_lsp_t”，可能丢失数据
c:\users\abelk\documents\workspace\vocal\thridparty\speex\libspeex\quant_lsp.c(298): warning C4244: “+=”: 从“double”转换到“spx_lsp_t”，可能丢失数据
c:\users\abelk\documents\workspace\vocal\thridparty\speex\libspeex\quant_lsp.c(302): warning C4244: “+=”: 从“double”转换到“spx_lsp_t”，可能丢失数据
c:\users\abelk\documents\workspace\vocal\thridparty\speex\libspeex\quant_lsp.c(306): warning C4244: “+=”: 从“double”转换到“spx_lsp_t”，可能丢失数据
c:\users\abelk\documents\workspace\vocal\thridparty\speex\libspeex\quant_lsp.c(337): warning C4244: “=”: 从“double”转换到“spx_lsp_t”，可能丢失数据
c:\users\abelk\documents\workspace\vocal\thridparty\speex\libspeex\quant_lsp.c(340): warning C4244: “=”: 从“double”转换到“spx_lsp_t”，可能丢失数据
c:\users\abelk\documents\workspace\vocal\thridparty\speex\libspeex\quant_lsp.c(356): warning C4244: “=”: 从“double”转换到“spx_lsp_t”，可能丢失数据
c:\users\abelk\documents\workspace\vocal\thridparty\speex\libspeex\quant_lsp.c(371): warning C4244: “=”: 从“double”转换到“spx_lsp_t”，可能丢失数据
c:\users\abelk\documents\workspace\vocal\thridparty\speex\libspeex\quant_lsp.c(376): warning C4244: “+=”: 从“double”转换到“spx_lsp_t”，可能丢失数据
c:\users\abelk\documents\workspace\vocal\thridparty\speex\libspeex\quant_lsp.c(381): warning C4244: “+=”: 从“double”转换到“spx_lsp_t”，可能丢失数据
  nb_celp.c
c:\users\abelk\documents\workspace\vocal\thridparty\speex\libspeex\math_approx.h(57): warning C4244: “return”: 从“double”转换到“spx_word16_t”，可能丢失数据
c:\users\abelk\documents\workspace\vocal\thridparty\speex\libspeex\math_approx.h(91): warning C4244: “return”: 从“int”转换到“spx_int16_t”，可能丢失数据
c:\users\abelk\documents\workspace\vocal\thridparty\speex\libspeex\math_approx.h(116): warning C4244: “return”: 从“int”转换到“spx_int16_t”，可能丢失数据
c:\users\abelk\documents\workspace\vocal\thridparty\speex\libspeex\math_approx.h(323): warning C4244: “=”: 从“double”转换到“spx_word16_t”，可能丢失数据
c:\users\abelk\documents\workspace\vocal\thridparty\speex\libspeex\nb_celp.c(257): warning C4244: “=”: 从“spx_int32_t”转换到“float”，可能丢失数据
c:\users\abelk\documents\workspace\vocal\thridparty\speex\libspeex\nb_celp.c(518): warning C4305: “函数”: 从“double”到“spx_word16_t”截断
c:\users\abelk\documents\workspace\vocal\thridparty\speex\libspeex\nb_celp.c(519): warning C4305: “函数”: 从“double”到“spx_word16_t”截断
c:\users\abelk\documents\workspace\vocal\thridparty\speex\libspeex\nb_celp.c(594): warning C4244: “=”: 从“double”转换到“float”，可能丢失数据
c:\users\abelk\documents\workspace\vocal\thridparty\speex\libspeex\nb_celp.c(596): warning C4305: “=”: 从“double”到“float”截断
c:\users\abelk\documents\workspace\vocal\thridparty\speex\libspeex\nb_celp.c(598): warning C4305: “=”: 从“double”到“float”截断
c:\users\abelk\documents\workspace\vocal\thridparty\speex\libspeex\nb_celp.c(665): warning C4244: “=”: 从“double”转换到“float”，可能丢失数据
c:\users\abelk\documents\workspace\vocal\thridparty\speex\libspeex\nb_celp.c(750): warning C4244: “=”: 从“double”转换到“spx_word16_t”，可能丢失数据
c:\users\abelk\documents\workspace\vocal\thridparty\speex\libspeex\nb_celp.c(761): warning C4244: “=”: 从“double”转换到“spx_word16_t”，可能丢失数据
c:\users\abelk\documents\workspace\vocal\thridparty\speex\libspeex\nb_celp.c(780): warning C4244: “=”: 从“double”转换到“spx_word32_t”，可能丢失数据
c:\users\abelk\documents\workspace\vocal\thridparty\speex\libspeex\nb_celp.c(853): warning C4127: 条件表达式是常量
c:\users\abelk\documents\workspace\vocal\thridparty\speex\libspeex\nb_celp.c(1213): warning C4244: “=”: 从“double”转换到“float”，可能丢失数据
c:\users\abelk\documents\workspace\vocal\thridparty\speex\libspeex\nb_celp.c(1264): warning C4305: “初始化”: 从“double”到“const spx_word16_t”截断
c:\users\abelk\documents\workspace\vocal\thridparty\speex\libspeex\nb_celp.c(1297): warning C4305: “=”: 从“double”到“spx_word16_t”截断
c:\users\abelk\documents\workspace\vocal\thridparty\speex\libspeex\nb_celp.c(1307): warning C4244: “函数”: 从“int”转换到“spx_word16_t”，可能丢失数据
c:\users\abelk\documents\workspace\vocal\thridparty\speex\libspeex\nb_celp.c(1318): warning C4305: “函数”: 从“double”到“spx_word16_t”截断
c:\users\abelk\documents\workspace\vocal\thridparty\speex\libspeex\nb_celp.c(1494): warning C4244: “=”: 从“double”转换到“spx_word16_t”，可能丢失数据
c:\users\abelk\documents\workspace\vocal\thridparty\speex\libspeex\nb_celp.c(1518): warning C4244: “=”: 从“double”转换到“spx_word16_t”，可能丢失数据
c:\users\abelk\documents\workspace\vocal\thridparty\speex\libspeex\nb_celp.c(1529): warning C4244: “=”: 从“double”转换到“spx_word32_t”，可能丢失数据
c:\users\abelk\documents\workspace\vocal\thridparty\speex\libspeex\nb_celp.c(1614): warning C4244: “=”: 从“double”转换到“spx_word16_t”，可能丢失数据
c:\users\abelk\documents\workspace\vocal\thridparty\speex\libspeex\nb_celp.c(1810): warning C4244: “=”: 从“double”转换到“spx_word16_t”，可能丢失数据
  modes_wb.c
c:\users\abelk\documents\workspace\vocal\thridparty\speex\libspeex\modes_wb.c(202): warning C4305: “初始化”: 从“double”到“spx_word16_t”截断
c:\users\abelk\documents\workspace\vocal\thridparty\speex\libspeex\modes_wb.c(248): warning C4305: “初始化”: 从“double”到“spx_word16_t”截断
  modes.c
c:\users\abelk\documents\workspace\vocal\thridparty\speex\libspeex\modes.c(220): warning C4305: “初始化”: 从“double”到“spx_word16_t”截断
c:\users\abelk\documents\workspace\vocal\thridparty\speex\libspeex\modes.c(241): warning C4305: “初始化”: 从“double”到“spx_word16_t”截断
c:\users\abelk\documents\workspace\vocal\thridparty\speex\libspeex\modes.c(262): warning C4305: “初始化”: 从“double”到“spx_word16_t”截断
c:\users\abelk\documents\workspace\vocal\thridparty\speex\libspeex\modes.c(304): warning C4305: “初始化”: 从“double”到“spx_word16_t”截断
c:\users\abelk\documents\workspace\vocal\thridparty\speex\libspeex\modes.c(325): warning C4305: “初始化”: 从“double”到“spx_word16_t”截断
c:\users\abelk\documents\workspace\vocal\thridparty\speex\libspeex\modes.c(347): warning C4305: “初始化”: 从“double”到“spx_word16_t”截断
  ltp.c
c:\users\abelk\documents\workspace\vocal\thridparty\speex\libspeex\math_approx.h(57): warning C4244: “return”: 从“double”转换到“spx_word16_t”，可能丢失数据
c:\users\abelk\documents\workspace\vocal\thridparty\speex\libspeex\math_approx.h(91): warning C4244: “return”: 从“int”转换到“spx_int16_t”，可能丢失数据
c:\users\abelk\documents\workspace\vocal\thridparty\speex\libspeex\math_approx.h(116): warning C4244: “return”: 从“int”转换到“spx_int16_t”，可能丢失数据
c:\users\abelk\documents\workspace\vocal\thridparty\speex\libspeex\math_approx.h(323): warning C4244: “=”: 从“double”转换到“spx_word16_t”，可能丢失数据
c:\users\abelk\documents\workspace\vocal\thridparty\speex\libspeex\ltp.c(484): warning C4244: “*=”: 从“double”转换到“spx_word32_t”，可能丢失数据
c:\users\abelk\documents\workspace\vocal\thridparty\speex\libspeex\ltp.c(485): warning C4244: “*=”: 从“double”转换到“spx_word32_t”，可能丢失数据
c:\users\abelk\documents\workspace\vocal\thridparty\speex\libspeex\ltp.c(486): warning C4244: “*=”: 从“double”转换到“spx_word32_t”，可能丢失数据
c:\users\abelk\documents\workspace\vocal\thridparty\speex\libspeex\ltp.c(497): warning C4244: “=”: 从“double”转换到“spx_word16_t”，可能丢失数据
c:\users\abelk\documents\workspace\vocal\thridparty\speex\libspeex\ltp.c(498): warning C4244: “=”: 从“double”转换到“spx_word16_t”，可能丢失数据
c:\users\abelk\documents\workspace\vocal\thridparty\speex\libspeex\ltp.c(499): warning C4244: “=”: 从“double”转换到“spx_word16_t”，可能丢失数据
c:\users\abelk\documents\workspace\vocal\thridparty\speex\libspeex\ltp.c(507): warning C4456: “j”的声明隐藏了上一个本地声明
  c:\users\abelk\documents\workspace\vocal\thridparty\speex\libspeex\ltp.c(371): note: 参见“j”的声明
c:\users\abelk\documents\workspace\vocal\thridparty\speex\libspeex\ltp.c(508): warning C4456: “tmp1”的声明隐藏了上一个本地声明
  c:\users\abelk\documents\workspace\vocal\thridparty\speex\libspeex\ltp.c(372): note: 参见“tmp1”的声明
c:\users\abelk\documents\workspace\vocal\thridparty\speex\libspeex\ltp.c(368): warning C4100: “scaledown”: 未引用的形参
c:\users\abelk\documents\workspace\vocal\thridparty\speex\libspeex\ltp.c(360): warning C4100: “bits”: 未引用的形参
c:\users\abelk\documents\workspace\vocal\thridparty\speex\libspeex\ltp.c(643): warning C4244: “=”: 从“double”转换到“spx_word32_t”，可能丢失数据
c:\users\abelk\documents\workspace\vocal\thridparty\speex\libspeex\ltp.c(543): warning C4100: “pitch_coef”: 未引用的形参
c:\users\abelk\documents\workspace\vocal\thridparty\speex\libspeex\ltp.c(701): warning C4244: “=”: 从“double”转换到“spx_word16_t”，可能丢失数据
c:\users\abelk\documents\workspace\vocal\thridparty\speex\libspeex\ltp.c(702): warning C4244: “=”: 从“double”转换到“spx_word16_t”，可能丢失数据
c:\users\abelk\documents\workspace\vocal\thridparty\speex\libspeex\ltp.c(703): warning C4244: “=”: 从“double”转换到“spx_word16_t”，可能丢失数据
c:\users\abelk\documents\workspace\vocal\thridparty\speex\libspeex\ltp.c(717): warning C4305: “=”: 从“double”到“spx_word16_t”截断
c:\users\abelk\documents\workspace\vocal\thridparty\speex\libspeex\ltp.c(719): warning C4244: “=”: 从“double”转换到“spx_word16_t”，可能丢失数据
c:\users\abelk\documents\workspace\vocal\thridparty\speex\libspeex\ltp.c(715): warning C4244: “初始化”: 从“double”转换到“spx_word16_t”，可能丢失数据
c:\users\abelk\documents\workspace\vocal\thridparty\speex\libspeex\ltp.c(673): warning C4100: “stack”: 未引用的形参
c:\users\abelk\documents\workspace\vocal\thridparty\speex\libspeex\ltp.c(667): warning C4100: “pitch_coef”: 未引用的形参
c:\users\abelk\documents\workspace\vocal\thridparty\speex\libspeex\ltp.c(666): warning C4100: “end”: 未引用的形参
c:\users\abelk\documents\workspace\vocal\thridparty\speex\libspeex\ltp.c(794): warning C4305: “=”: 从“double”到“spx_word16_t”截断
c:\users\abelk\documents\workspace\vocal\thridparty\speex\libspeex\ltp.c(783): warning C4100: “cumul_gain”: 未引用的形参
c:\users\abelk\documents\workspace\vocal\thridparty\speex\libspeex\ltp.c(782): warning C4100: “plc_tuning”: 未引用的形参
c:\users\abelk\documents\workspace\vocal\thridparty\speex\libspeex\ltp.c(781): warning C4100: “cdbk_offset”: 未引用的形参
c:\users\abelk\documents\workspace\vocal\thridparty\speex\libspeex\ltp.c(780): warning C4100: “complexity”: 未引用的形参
c:\users\abelk\documents\workspace\vocal\thridparty\speex\libspeex\ltp.c(779): warning C4100: “r”: 未引用的形参
c:\users\abelk\documents\workspace\vocal\thridparty\speex\libspeex\ltp.c(776): warning C4100: “bits”: 未引用的形参
c:\users\abelk\documents\workspace\vocal\thridparty\speex\libspeex\ltp.c(772): warning C4100: “end”: 未引用的形参
c:\users\abelk\documents\workspace\vocal\thridparty\speex\libspeex\ltp.c(770): warning C4100: “par”: 未引用的形参
c:\users\abelk\documents\workspace\vocal\thridparty\speex\libspeex\ltp.c(765): warning C4100: “sw”: 未引用的形参
c:\users\abelk\documents\workspace\vocal\thridparty\speex\libspeex\ltp.c(839): warning C4305: “=”: 从“double”到“spx_word16_t”截断
c:\users\abelk\documents\workspace\vocal\thridparty\speex\libspeex\ltp.c(830): warning C4100: “cdbk_offset”: 未引用的形参
c:\users\abelk\documents\workspace\vocal\thridparty\speex\libspeex\ltp.c(829): warning C4100: “last_pitch_gain”: 未引用的形参
c:\users\abelk\documents\workspace\vocal\thridparty\speex\libspeex\ltp.c(828): warning C4100: “subframe_offset”: 未引用的形参
c:\users\abelk\documents\workspace\vocal\thridparty\speex\libspeex\ltp.c(827): warning C4100: “count_lost”: 未引用的形参
c:\users\abelk\documents\workspace\vocal\thridparty\speex\libspeex\ltp.c(826): warning C4100: “stack”: 未引用的形参
c:\users\abelk\documents\workspace\vocal\thridparty\speex\libspeex\ltp.c(825): warning C4100: “bits”: 未引用的形参
c:\users\abelk\documents\workspace\vocal\thridparty\speex\libspeex\ltp.c(821): warning C4100: “par”: 未引用的形参
c:\users\abelk\documents\workspace\vocal\thridparty\speex\libspeex\ltp.c(819): warning C4100: “end”: 未引用的形参
  lsp_tables_nb.c
  lsp.c
c:\users\abelk\documents\workspace\vocal\thridparty\speex\libspeex\math_approx.h(57): warning C4244: “return”: 从“double”转换到“spx_word16_t”，可能丢失数据
c:\users\abelk\documents\workspace\vocal\thridparty\speex\libspeex\math_approx.h(91): warning C4244: “return”: 从“int”转换到“spx_int16_t”，可能丢失数据
c:\users\abelk\documents\workspace\vocal\thridparty\speex\libspeex\math_approx.h(116): warning C4244: “return”: 从“int”转换到“spx_int16_t”，可能丢失数据
c:\users\abelk\documents\workspace\vocal\thridparty\speex\libspeex\math_approx.h(323): warning C4244: “=”: 从“double”转换到“spx_word16_t”，可能丢失数据
c:\users\abelk\documents\workspace\vocal\thridparty\speex\libspeex\lsp.c(197): warning C4244: “return”: 从“double”转换到“float”，可能丢失数据
c:\users\abelk\documents\workspace\vocal\thridparty\speex\libspeex\lsp.c(178): warning C4100: “stack”: 未引用的形参
c:\users\abelk\documents\workspace\vocal\thridparty\speex\libspeex\lsp.c(334): warning C4244: “=”: 从“double”转换到“spx_word16_t”，可能丢失数据
c:\users\abelk\documents\workspace\vocal\thridparty\speex\libspeex\lsp.c(361): warning C4244: “=”: 从“double”转换到“spx_word16_t”，可能丢失数据
c:\users\abelk\documents\workspace\vocal\thridparty\speex\libspeex\lsp.c(376): warning C4244: “=”: 从“double”转换到“spx_lsp_t”，可能丢失数据
c:\users\abelk\documents\workspace\vocal\thridparty\speex\libspeex\lsp.c(630): warning C4244: “=”: 从“double”转换到“spx_lsp_t”，可能丢失数据
  lpc.c
c:\users\abelk\documents\workspace\vocal\thridparty\speex\libspeex\lpc.c(94): warning C4244: “=”: 从“double”转换到“spx_word16_t”，可能丢失数据
  kiss_fftr.c
c:\users\abelk\documents\workspace\vocal\thridparty\speex\libspeex\math_approx.h(57): warning C4244: “return”: 从“double”转换到“spx_word16_t”，可能丢失数据
c:\users\abelk\documents\workspace\vocal\thridparty\speex\libspeex\math_approx.h(91): warning C4244: “return”: 从“int”转换到“spx_int16_t”，可能丢失数据
c:\users\abelk\documents\workspace\vocal\thridparty\speex\libspeex\math_approx.h(116): warning C4244: “return”: 从“int”转换到“spx_int16_t”，可能丢失数据
c:\users\abelk\documents\workspace\vocal\thridparty\speex\libspeex\math_approx.h(323): warning C4244: “=”: 从“double”转换到“spx_word16_t”，可能丢失数据
c:\users\abelk\documents\workspace\vocal\thridparty\speex\libspeex\kiss_fftr.c(129): warning C4244: “=”: 从“double”转换到“float”，可能丢失数据
c:\users\abelk\documents\workspace\vocal\thridparty\speex\libspeex\kiss_fftr.c(130): warning C4244: “=”: 从“double”转换到“float”，可能丢失数据
c:\users\abelk\documents\workspace\vocal\thridparty\speex\libspeex\kiss_fftr.c(131): warning C4244: “=”: 从“double”转换到“float”，可能丢失数据
c:\users\abelk\documents\workspace\vocal\thridparty\speex\libspeex\kiss_fftr.c(132): warning C4244: “=”: 从“double”转换到“float”，可能丢失数据
  kiss_fft.c
c:\users\abelk\documents\workspace\vocal\thridparty\speex\libspeex\math_approx.h(57): warning C4244: “return”: 从“double”转换到“spx_word16_t”，可能丢失数据
c:\users\abelk\documents\workspace\vocal\thridparty\speex\libspeex\math_approx.h(91): warning C4244: “return”: 从“int”转换到“spx_int16_t”，可能丢失数据
c:\users\abelk\documents\workspace\vocal\thridparty\speex\libspeex\math_approx.h(116): warning C4244: “return”: 从“int”转换到“spx_int16_t”，可能丢失数据
c:\users\abelk\documents\workspace\vocal\thridparty\speex\libspeex\math_approx.h(323): warning C4244: “=”: 从“double”转换到“spx_word16_t”，可能丢失数据
c:\users\abelk\documents\workspace\vocal\thridparty\speex\libspeex\kiss_fft.c(197): warning C4244: “=”: 从“double”转换到“float”，可能丢失数据
c:\users\abelk\documents\workspace\vocal\thridparty\speex\libspeex\kiss_fft.c(198): warning C4244: “=”: 从“double”转换到“float”，可能丢失数据
c:\users\abelk\documents\workspace\vocal\thridparty\speex\libspeex\kiss_fft.c(363): warning C4100: “s2”: 未引用的形参
  high_lsp_tables.c
  正在生成代码...
  正在编译...
  hexc_table.c
  hexc_10_32_table.c
  gain_table_lbr.c
  gain_table.c
  filters.c
c:\users\abelk\documents\workspace\vocal\thridparty\speex\libspeex\math_approx.h(57): warning C4244: “return”: 从“double”转换到“spx_word16_t”，可能丢失数据
c:\users\abelk\documents\workspace\vocal\thridparty\speex\libspeex\math_approx.h(91): warning C4244: “return”: 从“int”转换到“spx_int16_t”，可能丢失数据
c:\users\abelk\documents\workspace\vocal\thridparty\speex\libspeex\math_approx.h(116): warning C4244: “return”: 从“int”转换到“spx_int16_t”，可能丢失数据
c:\users\abelk\documents\workspace\vocal\thridparty\speex\libspeex\math_approx.h(323): warning C4244: “=”: 从“double”转换到“spx_word16_t”，可能丢失数据
c:\users\abelk\documents\workspace\vocal\thridparty\speex\libspeex\filters_sse.h(37): warning C4100: “ord”: 未引用的形参
c:\users\abelk\documents\workspace\vocal\thridparty\speex\libspeex\filters_sse.h(90): warning C4100: “ord”: 未引用的形参
c:\users\abelk\documents\workspace\vocal\thridparty\speex\libspeex\filters_sse.h(134): warning C4100: “stack”: 未引用的形参
c:\users\abelk\documents\workspace\vocal\thridparty\speex\libspeex\filters_sse.h(144): warning C4100: “ord”: 未引用的形参
c:\users\abelk\documents\workspace\vocal\thridparty\speex\libspeex\filters_sse.h(193): warning C4100: “ord”: 未引用的形参
c:\users\abelk\documents\workspace\vocal\thridparty\speex\libspeex\filters_sse.h(233): warning C4100: “stack”: 未引用的形参
c:\users\abelk\documents\workspace\vocal\thridparty\speex\libspeex\filters_sse.h(242): warning C4100: “ord”: 未引用的形参
c:\users\abelk\documents\workspace\vocal\thridparty\speex\libspeex\filters_sse.h(290): warning C4100: “ord”: 未引用的形参
c:\users\abelk\documents\workspace\vocal\thridparty\speex\libspeex\filters_sse.h(330): warning C4100: “stack”: 未引用的形参
c:\users\abelk\documents\workspace\vocal\thridparty\speex\libspeex\filters.c(315): warning C4244: “return”: 从“double”转换到“spx_word16_t”，可能丢失数据
c:\users\abelk\documents\workspace\vocal\thridparty\speex\libspeex\filters.c(749): warning C4244: “=”: 从“double”转换到“spx_word16_t”，可能丢失数据
c:\users\abelk\documents\workspace\vocal\thridparty\speex\libspeex\filters.c(750): warning C4244: “=”: 从“double”转换到“spx_word16_t”，可能丢失数据
c:\users\abelk\documents\workspace\vocal\thridparty\speex\libspeex\filters.c(751): warning C4244: “=”: 从“double”转换到“spx_word16_t”，可能丢失数据
c:\users\abelk\documents\workspace\vocal\thridparty\speex\libspeex\filters.c(781): warning C4244: “=”: 从“double”转换到“spx_word16_t”，可能丢失数据
c:\users\abelk\documents\workspace\vocal\thridparty\speex\libspeex\filters.c(782): warning C4244: “=”: 从“double”转换到“spx_word16_t”，可能丢失数据
c:\users\abelk\documents\workspace\vocal\thridparty\speex\libspeex\filters.c(803): warning C4244: “=”: 从“double”转换到“spx_word16_t”，可能丢失数据
c:\users\abelk\documents\workspace\vocal\thridparty\speex\libspeex\filters.c(804): warning C4244: “=”: 从“double”转换到“spx_word16_t”，可能丢失数据
c:\users\abelk\documents\workspace\vocal\thridparty\speex\libspeex\filters.c(806): warning C4244: “=”: 从“double”转换到“spx_word16_t”，可能丢失数据
c:\users\abelk\documents\workspace\vocal\thridparty\speex\libspeex\filters.c(807): warning C4244: “=”: 从“double”转换到“spx_word16_t”，可能丢失数据
c:\users\abelk\documents\workspace\vocal\thridparty\speex\libspeex\filters.c(671): warning C4100: “p”: 未引用的形参
c:\users\abelk\documents\workspace\vocal\thridparty\speex\libspeex\filters.c(670): warning C4100: “ak”: 未引用的形参
  fftwrap.c
c:\users\abelk\documents\workspace\vocal\thridparty\speex\libspeex\fftwrap.c(103): warning C4244: “初始化”: 从“double”转换到“float”，可能丢失数据
c:\users\abelk\documents\workspace\vocal\thridparty\speex\libspeex\fftwrap.c(109): warning C4244: “初始化”: 从“double”转换到“float”，可能丢失数据
  exc_8_128_table.c
  exc_5_64_table.c
  exc_5_256_table.c
  exc_20_32_table.c
  exc_10_32_table.c
  exc_10_16_table.c
  cb_search.c
c:\users\abelk\documents\workspace\vocal\thridparty\speex\libspeex\math_approx.h(57): warning C4244: “return”: 从“double”转换到“spx_word16_t”，可能丢失数据
c:\users\abelk\documents\workspace\vocal\thridparty\speex\libspeex\math_approx.h(91): warning C4244: “return”: 从“int”转换到“spx_int16_t”，可能丢失数据
c:\users\abelk\documents\workspace\vocal\thridparty\speex\libspeex\math_approx.h(116): warning C4244: “return”: 从“int”转换到“spx_int16_t”，可能丢失数据
c:\users\abelk\documents\workspace\vocal\thridparty\speex\libspeex\math_approx.h(323): warning C4244: “=”: 从“double”转换到“spx_word16_t”，可能丢失数据
c:\users\abelk\documents\workspace\vocal\thridparty\speex\libspeex\cb_search_sse.h(71): warning C4244: “函数”: 从“double”转换到“float”，可能丢失数据
c:\users\abelk\documents\workspace\vocal\thridparty\speex\libspeex\cb_search.c(199): warning C4244: “=”: 从“double”转换到“spx_sig_t”，可能丢失数据
c:\users\abelk\documents\workspace\vocal\thridparty\speex\libspeex\cb_search.c(220): warning C4244: “=”: 从“double”转换到“spx_word16_t”，可能丢失数据
c:\users\abelk\documents\workspace\vocal\thridparty\speex\libspeex\cb_search.c(445): warning C4244: “=”: 从“double”转换到“spx_word16_t”，可能丢失数据
c:\users\abelk\documents\workspace\vocal\thridparty\speex\libspeex\cb_search.c(499): warning C4244: “=”: 从“double”转换到“spx_sig_t”，可能丢失数据
c:\users\abelk\documents\workspace\vocal\thridparty\speex\libspeex\cb_search.c(574): warning C4244: “+=”: 从“double”转换到“spx_sig_t”，可能丢失数据
c:\users\abelk\documents\workspace\vocal\thridparty\speex\libspeex\cb_search.c(527): warning C4100: “seed”: 未引用的形参
c:\users\abelk\documents\workspace\vocal\thridparty\speex\libspeex\cb_search.c(524): warning C4100: “nsf”: 未引用的形参
c:\users\abelk\documents\workspace\vocal\thridparty\speex\libspeex\cb_search.c(594): warning C4100: “update_target”: 未引用的形参
c:\users\abelk\documents\workspace\vocal\thridparty\speex\libspeex\cb_search.c(593): warning C4100: “complexity”: 未引用的形参
c:\users\abelk\documents\workspace\vocal\thridparty\speex\libspeex\cb_search.c(591): warning C4100: “bits”: 未引用的形参
c:\users\abelk\documents\workspace\vocal\thridparty\speex\libspeex\cb_search.c(590): warning C4100: “r”: 未引用的形参
c:\users\abelk\documents\workspace\vocal\thridparty\speex\libspeex\cb_search.c(586): warning C4100: “par”: 未引用的形参
c:\users\abelk\documents\workspace\vocal\thridparty\speex\libspeex\cb_search.c(614): warning C4100: “stack”: 未引用的形参
c:\users\abelk\documents\workspace\vocal\thridparty\speex\libspeex\cb_search.c(613): warning C4100: “bits”: 未引用的形参
c:\users\abelk\documents\workspace\vocal\thridparty\speex\libspeex\cb_search.c(611): warning C4100: “par”: 未引用的形参
  bits.c
  正在生成代码...
  libspeex.vcxproj -> C:\Users\abelk\Documents\workspace\Vocal\thridparty\speex\win32\VS2008\Debug\libspeex.lib
